<?xml version="1.0" encoding="UTF-8"?>
<coverage generated="1533270186532" clover="3.2.0">
  <project timestamp="1533270186532" name="All files">
    <metrics statements="125" coveredstatements="123" conditionals="26" coveredconditionals="23" methods="32" coveredmethods="32" elements="183" coveredelements="178" complexity="0" loc="125" ncloc="125" packages="7" files="12" classes="12">
      <package name="config">
        <metrics statements="5" coveredstatements="5" conditionals="4" coveredconditionals="4" methods="0" coveredmethods="0"/>
        <file name="environment.js" path="/home/gabriel/Documentos/study/hash-hook/src/config/environment.js">
          <metrics statements="5" coveredstatements="5" conditionals="4" coveredconditionals="4" methods="0" coveredmethods="0"/>
          <line num="1" count="2" type="cond" truecount="2" falsecount="0"/>
          <line num="2" count="2" type="cond" truecount="2" falsecount="0"/>
          <line num="3" count="2" type="stmt"/>
          <line num="4" count="2" type="stmt"/>
          <line num="6" count="2" type="stmt"/>
        </file>
      </package>
      <package name="core.amqp">
        <metrics statements="42" coveredstatements="40" conditionals="8" coveredconditionals="6" methods="5" coveredmethods="5"/>
        <file name="amqp.js" path="/home/gabriel/Documentos/study/hash-hook/src/core/amqp/amqp.js">
          <metrics statements="30" coveredstatements="28" conditionals="6" coveredconditionals="4" methods="4" coveredmethods="4"/>
          <line num="1" count="2" type="stmt"/>
          <line num="2" count="2" type="stmt"/>
          <line num="3" count="2" type="stmt"/>
          <line num="4" count="2" type="stmt"/>
          <line num="6" count="33" type="stmt"/>
          <line num="8" count="33" type="stmt"/>
          <line num="10" count="2" type="stmt"/>
          <line num="11" count="11" type="stmt"/>
          <line num="12" count="11" type="stmt"/>
          <line num="13" count="11" type="stmt"/>
          <line num="14" count="11" type="stmt"/>
          <line num="15" count="11" type="stmt"/>
          <line num="16" count="11" type="stmt"/>
          <line num="18" count="0" type="stmt"/>
          <line num="22" count="2" type="stmt"/>
          <line num="23" count="22" type="stmt"/>
          <line num="24" count="22" type="stmt"/>
          <line num="25" count="22" type="stmt"/>
          <line num="26" count="22" type="stmt"/>
          <line num="27" count="22" type="stmt"/>
          <line num="28" count="22" type="cond" truecount="2" falsecount="0"/>
          <line num="29" count="6" type="cond" truecount="1" falsecount="1"/>
          <line num="30" count="6" type="stmt"/>
          <line num="31" count="6" type="cond" truecount="1" falsecount="1"/>
          <line num="32" count="6" type="stmt"/>
          <line num="33" count="6" type="stmt"/>
          <line num="34" count="6" type="stmt"/>
          <line num="37" count="16" type="stmt"/>
          <line num="39" count="0" type="stmt"/>
          <line num="43" count="2" type="stmt"/>
        </file>
        <file name="index.js" path="/home/gabriel/Documentos/study/hash-hook/src/core/amqp/index.js">
          <metrics statements="3" coveredstatements="3" conditionals="0" coveredconditionals="0" methods="0" coveredmethods="0"/>
          <line num="1" count="1" type="stmt"/>
          <line num="2" count="1" type="stmt"/>
          <line num="4" count="1" type="stmt"/>
        </file>
        <file name="queues.js" path="/home/gabriel/Documentos/study/hash-hook/src/core/amqp/queues.js">
          <metrics statements="9" coveredstatements="9" conditionals="2" coveredconditionals="2" methods="1" coveredmethods="1"/>
          <line num="1" count="3" type="stmt"/>
          <line num="11" count="3" type="stmt"/>
          <line num="21" count="3" type="stmt"/>
          <line num="23" count="3" type="stmt"/>
          <line num="24" count="19" type="cond" truecount="2" falsecount="0"/>
          <line num="25" count="14" type="stmt"/>
          <line num="26" count="14" type="stmt"/>
          <line num="27" count="14" type="stmt"/>
          <line num="30" count="3" type="stmt"/>
        </file>
      </package>
      <package name="core.logger">
        <metrics statements="7" coveredstatements="7" conditionals="0" coveredconditionals="0" methods="0" coveredmethods="0"/>
        <file name="index.js" path="/home/gabriel/Documentos/study/hash-hook/src/core/logger/index.js">
          <metrics statements="2" coveredstatements="2" conditionals="0" coveredconditionals="0" methods="0" coveredmethods="0"/>
          <line num="1" count="2" type="stmt"/>
          <line num="3" count="2" type="stmt"/>
        </file>
        <file name="logger.js" path="/home/gabriel/Documentos/study/hash-hook/src/core/logger/logger.js">
          <metrics statements="5" coveredstatements="5" conditionals="0" coveredconditionals="0" methods="0" coveredmethods="0"/>
          <line num="1" count="2" type="stmt"/>
          <line num="2" count="2" type="stmt"/>
          <line num="3" count="2" type="stmt"/>
          <line num="5" count="2" type="stmt"/>
          <line num="16" count="2" type="stmt"/>
        </file>
      </package>
      <package name="core.message">
        <metrics statements="35" coveredstatements="35" conditionals="6" coveredconditionals="5" methods="8" coveredmethods="8"/>
        <file name="message.js" path="/home/gabriel/Documentos/study/hash-hook/src/core/message/message.js">
          <metrics statements="35" coveredstatements="35" conditionals="6" coveredconditionals="5" methods="8" coveredmethods="8"/>
          <line num="1" count="1" type="stmt"/>
          <line num="2" count="1" type="stmt"/>
          <line num="4" count="1" type="stmt"/>
          <line num="5" count="1" type="stmt"/>
          <line num="6" count="1" type="stmt"/>
          <line num="8" count="1" type="stmt"/>
          <line num="9" count="3" type="stmt"/>
          <line num="10" count="3" type="stmt"/>
          <line num="12" count="3" type="stmt"/>
          <line num="15" count="1" type="stmt"/>
          <line num="16" count="2" type="stmt"/>
          <line num="17" count="2" type="cond" truecount="1" falsecount="1"/>
          <line num="18" count="2" type="stmt"/>
          <line num="21" count="1" type="stmt"/>
          <line num="22" count="18" type="stmt"/>
          <line num="23" count="3" type="stmt"/>
          <line num="24" count="18" type="stmt"/>
          <line num="25" count="3" type="stmt"/>
          <line num="28" count="1" type="stmt"/>
          <line num="29" count="18" type="cond" truecount="2" falsecount="0"/>
          <line num="30" count="3" type="stmt"/>
          <line num="33" count="1" type="stmt"/>
          <line num="34" count="5" type="stmt"/>
          <line num="35" count="5" type="stmt"/>
          <line num="36" count="5" type="stmt"/>
          <line num="37" count="5" type="stmt"/>
          <line num="46" count="4" type="cond" truecount="2" falsecount="0"/>
          <line num="47" count="2" type="stmt"/>
          <line num="49" count="1" type="stmt"/>
          <line num="50" count="1" type="stmt"/>
          <line num="51" count="1" type="stmt"/>
          <line num="55" count="1" type="stmt"/>
          <line num="56" count="3" type="stmt"/>
          <line num="61" count="3" type="stmt"/>
          <line num="64" count="1" type="stmt"/>
        </file>
      </package>
      <package name="core.security">
        <metrics statements="6" coveredstatements="6" conditionals="0" coveredconditionals="0" methods="1" coveredmethods="1"/>
        <file name="index.js" path="/home/gabriel/Documentos/study/hash-hook/src/core/security/index.js">
          <metrics statements="2" coveredstatements="2" conditionals="0" coveredconditionals="0" methods="0" coveredmethods="0"/>
          <line num="1" count="1" type="stmt"/>
          <line num="3" count="1" type="stmt"/>
        </file>
        <file name="security.js" path="/home/gabriel/Documentos/study/hash-hook/src/core/security/security.js">
          <metrics statements="4" coveredstatements="4" conditionals="0" coveredconditionals="0" methods="1" coveredmethods="1"/>
          <line num="1" count="1" type="stmt"/>
          <line num="2" count="1" type="stmt"/>
          <line num="4" count="5" type="stmt"/>
          <line num="6" count="1" type="stmt"/>
        </file>
      </package>
      <package name="test">
        <metrics statements="4" coveredstatements="4" conditionals="0" coveredconditionals="0" methods="2" coveredmethods="2"/>
        <file name="setup.js" path="/home/gabriel/Documentos/study/hash-hook/src/test/setup.js">
          <metrics statements="4" coveredstatements="4" conditionals="0" coveredconditionals="0" methods="2" coveredmethods="2"/>
          <line num="3" count="2" type="stmt"/>
          <line num="5" count="2" type="stmt"/>
          <line num="8" count="2" type="stmt"/>
          <line num="9" count="5" type="stmt"/>
        </file>
      </package>
      <package name="test.mock">
        <metrics statements="26" coveredstatements="26" conditionals="8" coveredconditionals="8" methods="16" coveredmethods="16"/>
        <file name="amqplib.js" path="/home/gabriel/Documentos/study/hash-hook/src/test/mock/amqplib.js">
          <metrics statements="24" coveredstatements="24" conditionals="8" coveredconditionals="8" methods="16" coveredmethods="16"/>
          <line num="1" count="2" type="stmt"/>
          <line num="11" count="2" type="stmt"/>
          <line num="15" count="3" type="stmt"/>
          <line num="17" count="2" type="stmt"/>
          <line num="18" count="1" type="stmt"/>
          <line num="19" count="5" type="cond" truecount="2" falsecount="0"/>
          <line num="23" count="3" type="cond" truecount="2" falsecount="0"/>
          <line num="27" count="1" type="stmt"/>
          <line num="32" count="11" type="stmt"/>
          <line num="34" count="2" type="stmt"/>
          <line num="35" count="22" type="cond" truecount="2" falsecount="0"/>
          <line num="36" count="6" type="stmt"/>
          <line num="41" count="2" type="stmt"/>
          <line num="42" count="6" type="stmt"/>
          <line num="43" count="42" type="cond" truecount="2" falsecount="0"/>
          <line num="44" count="6" type="stmt"/>
          <line num="45" count="6" type="stmt"/>
          <line num="50" count="33" type="stmt"/>
          <line num="51" count="33" type="stmt"/>
          <line num="52" count="33" type="stmt"/>
          <line num="57" count="33" type="stmt"/>
          <line num="60" count="8" type="stmt"/>
          <line num="62" count="63" type="stmt"/>
          <line num="64" count="2" type="stmt"/>
        </file>
        <file name="index.js" path="/home/gabriel/Documentos/study/hash-hook/src/test/mock/index.js">
          <metrics statements="2" coveredstatements="2" conditionals="0" coveredconditionals="0" methods="0" coveredmethods="0"/>
          <line num="1" count="2" type="stmt"/>
          <line num="3" count="2" type="stmt"/>
        </file>
      </package>
    </metrics>
  </project>
</coverage>
