{"/home/gabriel/Documentos/study/hash-hook/src/config/environment.js": {"path":"/home/gabriel/Documentos/study/hash-hook/src/config/environment.js","statementMap":{"0":{"start":{"line":1,"column":22},"end":{"line":1,"column":69}},"1":{"start":{"line":2,"column":25},"end":{"line":2,"column":65}},"2":{"start":{"line":3,"column":19},"end":{"line":3,"column":41}},"3":{"start":{"line":4,"column":13},"end":{"line":4,"column":29}},"4":{"start":{"line":6,"column":0},"end":{"line":11,"column":2}}},"fnMap":{},"branchMap":{"0":{"loc":{"start":{"line":1,"column":22},"end":{"line":1,"column":69}},"type":"binary-expr","locations":[{"start":{"line":1,"column":22},"end":{"line":1,"column":47}},{"start":{"line":1,"column":51},"end":{"line":1,"column":69}}],"line":1},"1":{"loc":{"start":{"line":2,"column":25},"end":{"line":2,"column":65}},"type":"binary-expr","locations":[{"start":{"line":2,"column":25},"end":{"line":2,"column":53}},{"start":{"line":2,"column":57},"end":{"line":2,"column":65}}],"line":2}},"s":{"0":2,"1":2,"2":2,"3":2,"4":2},"f":{},"b":{"0":[2,2],"1":[2,2]},"_coverageSchema":"332fd63041d2c1bcb487cc26dd0d5f7d97098a6c","hash":"16032995edf5711d285dfc48c95a8167dff05eb4"}
,"/home/gabriel/Documentos/study/hash-hook/src/core/amqp/amqp.js": {"path":"/home/gabriel/Documentos/study/hash-hook/src/core/amqp/amqp.js","statementMap":{"0":{"start":{"line":1,"column":13},"end":{"line":1,"column":31}},"1":{"start":{"line":2,"column":26},"end":{"line":2,"column":61}},"2":{"start":{"line":3,"column":26},"end":{"line":3,"column":45}},"3":{"start":{"line":4,"column":15},"end":{"line":4,"column":35}},"4":{"start":{"line":6,"column":16},"end":{"line":6,"column":55}},"5":{"start":{"line":6,"column":28},"end":{"line":6,"column":55}},"6":{"start":{"line":8,"column":22},"end":{"line":8,"column":70}},"7":{"start":{"line":8,"column":44},"end":{"line":8,"column":70}},"8":{"start":{"line":10,"column":16},"end":{"line":20,"column":1}},"9":{"start":{"line":11,"column":2},"end":{"line":19,"column":3}},"10":{"start":{"line":12,"column":23},"end":{"line":12,"column":38}},"11":{"start":{"line":13,"column":20},"end":{"line":13,"column":51}},"12":{"start":{"line":14,"column":4},"end":{"line":14,"column":37}},"13":{"start":{"line":15,"column":4},"end":{"line":15,"column":75}},"14":{"start":{"line":16,"column":4},"end":{"line":16,"column":23}},"15":{"start":{"line":18,"column":4},"end":{"line":18,"column":56}},"16":{"start":{"line":22,"column":16},"end":{"line":41,"column":1}},"17":{"start":{"line":23,"column":2},"end":{"line":40,"column":3}},"18":{"start":{"line":24,"column":23},"end":{"line":24,"column":38}},"19":{"start":{"line":25,"column":20},"end":{"line":25,"column":51}},"20":{"start":{"line":26,"column":4},"end":{"line":26,"column":37}},"21":{"start":{"line":27,"column":20},"end":{"line":27,"column":44}},"22":{"start":{"line":28,"column":4},"end":{"line":36,"column":5}},"23":{"start":{"line":29,"column":28},"end":{"line":29,"column":72}},"24":{"start":{"line":30,"column":38},"end":{"line":30,"column":51}},"25":{"start":{"line":31,"column":6},"end":{"line":35,"column":7}},"26":{"start":{"line":32,"column":8},"end":{"line":32,"column":29}},"27":{"start":{"line":33,"column":8},"end":{"line":33,"column":27}},"28":{"start":{"line":34,"column":8},"end":{"line":34,"column":29}},"29":{"start":{"line":37,"column":4},"end":{"line":37,"column":23}},"30":{"start":{"line":39,"column":4},"end":{"line":39,"column":56}},"31":{"start":{"line":43,"column":0},"end":{"line":46,"column":2}}},"fnMap":{"0":{"name":"(anonymous_0)","decl":{"start":{"line":6,"column":16},"end":{"line":6,"column":17}},"loc":{"start":{"line":6,"column":28},"end":{"line":6,"column":55}},"line":6},"1":{"name":"(anonymous_1)","decl":{"start":{"line":8,"column":22},"end":{"line":8,"column":23}},"loc":{"start":{"line":8,"column":44},"end":{"line":8,"column":70}},"line":8},"2":{"name":"(anonymous_2)","decl":{"start":{"line":10,"column":16},"end":{"line":10,"column":17}},"loc":{"start":{"line":10,"column":42},"end":{"line":20,"column":1}},"line":10},"3":{"name":"(anonymous_3)","decl":{"start":{"line":22,"column":16},"end":{"line":22,"column":17}},"loc":{"start":{"line":22,"column":33},"end":{"line":41,"column":1}},"line":22}},"branchMap":{"0":{"loc":{"start":{"line":28,"column":4},"end":{"line":36,"column":5}},"type":"if","locations":[{"start":{"line":28,"column":4},"end":{"line":36,"column":5}},{"start":{"line":28,"column":4},"end":{"line":36,"column":5}}],"line":28},"1":{"loc":{"start":{"line":29,"column":39},"end":{"line":29,"column":71}},"type":"binary-expr","locations":[{"start":{"line":29,"column":39},"end":{"line":29,"column":65}},{"start":{"line":29,"column":69},"end":{"line":29,"column":71}}],"line":29},"2":{"loc":{"start":{"line":31,"column":6},"end":{"line":35,"column":7}},"type":"if","locations":[{"start":{"line":31,"column":6},"end":{"line":35,"column":7}},{"start":{"line":31,"column":6},"end":{"line":35,"column":7}}],"line":31}},"s":{"0":2,"1":2,"2":2,"3":2,"4":2,"5":33,"6":2,"7":33,"8":2,"9":11,"10":11,"11":11,"12":11,"13":11,"14":11,"15":0,"16":2,"17":22,"18":22,"19":22,"20":22,"21":22,"22":22,"23":6,"24":6,"25":6,"26":6,"27":6,"28":6,"29":16,"30":0,"31":2},"f":{"0":33,"1":33,"2":11,"3":22},"b":{"0":[6,16],"1":[6,0],"2":[6,0]},"_coverageSchema":"332fd63041d2c1bcb487cc26dd0d5f7d97098a6c","hash":"2874d249cbbea325366b1fc16b50e935ceb5e21d"}
,"/home/gabriel/Documentos/study/hash-hook/src/core/amqp/index.js": {"path":"/home/gabriel/Documentos/study/hash-hook/src/core/amqp/index.js","statementMap":{"0":{"start":{"line":1,"column":13},"end":{"line":1,"column":30}},"1":{"start":{"line":2,"column":15},"end":{"line":2,"column":34}},"2":{"start":{"line":4,"column":0},"end":{"line":7,"column":2}}},"fnMap":{},"branchMap":{},"s":{"0":1,"1":1,"2":1},"f":{},"b":{},"_coverageSchema":"332fd63041d2c1bcb487cc26dd0d5f7d97098a6c","hash":"181219234f17b2f7b12addc5e812973b27a3b665"}
,"/home/gabriel/Documentos/study/hash-hook/src/core/amqp/queues.js": {"path":"/home/gabriel/Documentos/study/hash-hook/src/core/amqp/queues.js","statementMap":{"0":{"start":{"line":1,"column":25},"end":{"line":9,"column":1}},"1":{"start":{"line":11,"column":15},"end":{"line":19,"column":1}},"2":{"start":{"line":21,"column":20},"end":{"line":21,"column":29}},"3":{"start":{"line":23,"column":22},"end":{"line":28,"column":1}},"4":{"start":{"line":24,"column":2},"end":{"line":24,"column":34}},"5":{"start":{"line":24,"column":22},"end":{"line":24,"column":34}},"6":{"start":{"line":25,"column":14},"end":{"line":25,"column":24}},"7":{"start":{"line":26,"column":19},"end":{"line":26,"column":49}},"8":{"start":{"line":27,"column":2},"end":{"line":27,"column":54}},"9":{"start":{"line":30,"column":0},"end":{"line":34,"column":2}}},"fnMap":{"0":{"name":"(anonymous_0)","decl":{"start":{"line":23,"column":22},"end":{"line":23,"column":23}},"loc":{"start":{"line":23,"column":47},"end":{"line":28,"column":1}},"line":23}},"branchMap":{"0":{"loc":{"start":{"line":24,"column":2},"end":{"line":24,"column":34}},"type":"if","locations":[{"start":{"line":24,"column":2},"end":{"line":24,"column":34}},{"start":{"line":24,"column":2},"end":{"line":24,"column":34}}],"line":24}},"s":{"0":3,"1":3,"2":3,"3":3,"4":19,"5":5,"6":14,"7":14,"8":14,"9":3},"f":{"0":19},"b":{"0":[5,14]},"_coverageSchema":"332fd63041d2c1bcb487cc26dd0d5f7d97098a6c","hash":"b838fa6d743067b5cd0b01fda8b25cc296391d49"}
,"/home/gabriel/Documentos/study/hash-hook/src/core/logger/index.js": {"path":"/home/gabriel/Documentos/study/hash-hook/src/core/logger/index.js","statementMap":{"0":{"start":{"line":1,"column":15},"end":{"line":1,"column":34}},"1":{"start":{"line":3,"column":0},"end":{"line":3,"column":24}}},"fnMap":{},"branchMap":{},"s":{"0":2,"1":2},"f":{},"b":{},"_coverageSchema":"332fd63041d2c1bcb487cc26dd0d5f7d97098a6c","hash":"06b13ed9042f6efaa54c0d91cddfce9a50b3d9da"}
,"/home/gabriel/Documentos/study/hash-hook/src/core/logger/logger.js": {"path":"/home/gabriel/Documentos/study/hash-hook/src/core/logger/logger.js","statementMap":{"0":{"start":{"line":1,"column":15},"end":{"line":1,"column":46}},"1":{"start":{"line":2,"column":16},"end":{"line":2,"column":34}},"2":{"start":{"line":3,"column":23},"end":{"line":3,"column":58}},"3":{"start":{"line":5,"column":15},"end":{"line":14,"column":2}},"4":{"start":{"line":16,"column":0},"end":{"line":16,"column":24}}},"fnMap":{},"branchMap":{},"s":{"0":2,"1":2,"2":2,"3":2,"4":2},"f":{},"b":{},"_coverageSchema":"332fd63041d2c1bcb487cc26dd0d5f7d97098a6c","hash":"61c5ae581001b11d68bc1da07759df768fdd650a"}
,"/home/gabriel/Documentos/study/hash-hook/src/core/message/message.js": {"path":"/home/gabriel/Documentos/study/hash-hook/src/core/message/message.js","statementMap":{"0":{"start":{"line":1,"column":14},"end":{"line":1,"column":30}},"1":{"start":{"line":2,"column":13},"end":{"line":2,"column":31}},"2":{"start":{"line":4,"column":50},"end":{"line":4,"column":68}},"3":{"start":{"line":5,"column":25},"end":{"line":5,"column":47}},"4":{"start":{"line":6,"column":15},"end":{"line":6,"column":35}},"5":{"start":{"line":8,"column":29},"end":{"line":13,"column":1}},"6":{"start":{"line":9,"column":18},"end":{"line":9,"column":87}},"7":{"start":{"line":10,"column":2},"end":{"line":10,"column":38}},"8":{"start":{"line":12,"column":2},"end":{"line":12,"column":50}},"9":{"start":{"line":15,"column":24},"end":{"line":19,"column":1}},"10":{"start":{"line":16,"column":18},"end":{"line":16,"column":44}},"11":{"start":{"line":17,"column":2},"end":{"line":17,"column":23}},"12":{"start":{"line":17,"column":16},"end":{"line":17,"column":23}},"13":{"start":{"line":18,"column":2},"end":{"line":18,"column":29}},"14":{"start":{"line":21,"column":29},"end":{"line":26,"column":1}},"15":{"start":{"line":22,"column":17},"end":{"line":22,"column":76}},"16":{"start":{"line":22,"column":61},"end":{"line":22,"column":75}},"17":{"start":{"line":23,"column":19},"end":{"line":23,"column":44}},"18":{"start":{"line":24,"column":19},"end":{"line":24,"column":69}},"19":{"start":{"line":24,"column":43},"end":{"line":24,"column":68}},"20":{"start":{"line":25,"column":2},"end":{"line":25,"column":30}},"21":{"start":{"line":28,"column":25},"end":{"line":31,"column":1}},"22":{"start":{"line":29,"column":2},"end":{"line":29,"column":23}},"23":{"start":{"line":29,"column":16},"end":{"line":29,"column":23}},"24":{"start":{"line":30,"column":2},"end":{"line":30,"column":30}},"25":{"start":{"line":33,"column":20},"end":{"line":53,"column":1}},"26":{"start":{"line":34,"column":31},"end":{"line":34,"column":38}},"27":{"start":{"line":35,"column":2},"end":{"line":52,"column":3}},"28":{"start":{"line":36,"column":22},"end":{"line":36,"column":59}},"29":{"start":{"line":37,"column":21},"end":{"line":45,"column":6}},"30":{"start":{"line":46,"column":4},"end":{"line":46,"column":95}},"31":{"start":{"line":46,"column":57},"end":{"line":46,"column":95}},"32":{"start":{"line":47,"column":4},"end":{"line":47,"column":58}},"33":{"start":{"line":49,"column":4},"end":{"line":49,"column":12}},"34":{"start":{"line":50,"column":4},"end":{"line":50,"column":75}},"35":{"start":{"line":51,"column":4},"end":{"line":51,"column":42}},"36":{"start":{"line":55,"column":30},"end":{"line":62,"column":1}},"37":{"start":{"line":56,"column":21},"end":{"line":60,"column":3}},"38":{"start":{"line":61,"column":2},"end":{"line":61,"column":62}},"39":{"start":{"line":64,"column":0},"end":{"line":68,"column":2}}},"fnMap":{"0":{"name":"(anonymous_0)","decl":{"start":{"line":8,"column":29},"end":{"line":8,"column":30}},"loc":{"start":{"line":8,"column":46},"end":{"line":13,"column":1}},"line":8},"1":{"name":"(anonymous_1)","decl":{"start":{"line":15,"column":24},"end":{"line":15,"column":25}},"loc":{"start":{"line":15,"column":36},"end":{"line":19,"column":1}},"line":15},"2":{"name":"(anonymous_2)","decl":{"start":{"line":21,"column":29},"end":{"line":21,"column":30}},"loc":{"start":{"line":21,"column":41},"end":{"line":26,"column":1}},"line":21},"3":{"name":"(anonymous_3)","decl":{"start":{"line":22,"column":52},"end":{"line":22,"column":53}},"loc":{"start":{"line":22,"column":61},"end":{"line":22,"column":75}},"line":22},"4":{"name":"(anonymous_4)","decl":{"start":{"line":24,"column":32},"end":{"line":24,"column":33}},"loc":{"start":{"line":24,"column":43},"end":{"line":24,"column":68}},"line":24},"5":{"name":"(anonymous_5)","decl":{"start":{"line":28,"column":25},"end":{"line":28,"column":26}},"loc":{"start":{"line":28,"column":44},"end":{"line":31,"column":1}},"line":28},"6":{"name":"(anonymous_6)","decl":{"start":{"line":33,"column":20},"end":{"line":33,"column":21}},"loc":{"start":{"line":33,"column":39},"end":{"line":53,"column":1}},"line":33},"7":{"name":"(anonymous_7)","decl":{"start":{"line":55,"column":30},"end":{"line":55,"column":31}},"loc":{"start":{"line":55,"column":49},"end":{"line":62,"column":1}},"line":55}},"branchMap":{"0":{"loc":{"start":{"line":17,"column":2},"end":{"line":17,"column":23}},"type":"if","locations":[{"start":{"line":17,"column":2},"end":{"line":17,"column":23}},{"start":{"line":17,"column":2},"end":{"line":17,"column":23}}],"line":17},"1":{"loc":{"start":{"line":29,"column":2},"end":{"line":29,"column":23}},"type":"if","locations":[{"start":{"line":29,"column":2},"end":{"line":29,"column":23}},{"start":{"line":29,"column":2},"end":{"line":29,"column":23}}],"line":29},"2":{"loc":{"start":{"line":46,"column":4},"end":{"line":46,"column":95}},"type":"if","locations":[{"start":{"line":46,"column":4},"end":{"line":46,"column":95}},{"start":{"line":46,"column":4},"end":{"line":46,"column":95}}],"line":46}},"s":{"0":1,"1":1,"2":1,"3":1,"4":1,"5":1,"6":3,"7":3,"8":3,"9":1,"10":2,"11":2,"12":0,"13":2,"14":1,"15":3,"16":18,"17":3,"18":3,"19":18,"20":3,"21":1,"22":18,"23":15,"24":3,"25":1,"26":5,"27":5,"28":5,"29":5,"30":4,"31":2,"32":2,"33":1,"34":1,"35":1,"36":1,"37":3,"38":3,"39":1},"f":{"0":3,"1":2,"2":3,"3":18,"4":18,"5":18,"6":5,"7":3},"b":{"0":[0,2],"1":[15,3],"2":[2,2]},"_coverageSchema":"332fd63041d2c1bcb487cc26dd0d5f7d97098a6c","hash":"1ae9f2c1ba8c07ac007e5cc466c5263073bbac12"}
,"/home/gabriel/Documentos/study/hash-hook/src/core/security/index.js": {"path":"/home/gabriel/Documentos/study/hash-hook/src/core/security/index.js","statementMap":{"0":{"start":{"line":1,"column":17},"end":{"line":1,"column":38}},"1":{"start":{"line":3,"column":0},"end":{"line":3,"column":26}}},"fnMap":{},"branchMap":{},"s":{"0":1,"1":1},"f":{},"b":{},"_coverageSchema":"332fd63041d2c1bcb487cc26dd0d5f7d97098a6c","hash":"4284d95e7a2002934a2c87cd2e6202edf17d93ff"}
,"/home/gabriel/Documentos/study/hash-hook/src/core/security/security.js": {"path":"/home/gabriel/Documentos/study/hash-hook/src/core/security/security.js","statementMap":{"0":{"start":{"line":1,"column":15},"end":{"line":1,"column":32}},"1":{"start":{"line":2,"column":29},"end":{"line":2,"column":64}},"2":{"start":{"line":4,"column":21},"end":{"line":4,"column":113}},"3":{"start":{"line":4,"column":36},"end":{"line":4,"column":113}},"4":{"start":{"line":6,"column":0},"end":{"line":8,"column":2}}},"fnMap":{"0":{"name":"(anonymous_0)","decl":{"start":{"line":4,"column":21},"end":{"line":4,"column":22}},"loc":{"start":{"line":4,"column":36},"end":{"line":4,"column":113}},"line":4}},"branchMap":{},"s":{"0":1,"1":1,"2":1,"3":5,"4":1},"f":{"0":5},"b":{},"_coverageSchema":"332fd63041d2c1bcb487cc26dd0d5f7d97098a6c","hash":"631a031fc46ef6e3be095ba6cb308cd1210d2f0a"}
,"/home/gabriel/Documentos/study/hash-hook/src/test/setup.js": {"path":"/home/gabriel/Documentos/study/hash-hook/src/test/setup.js","statementMap":{"0":{"start":{"line":3,"column":4},"end":{"line":3,"column":21}},"1":{"start":{"line":5,"column":15},"end":{"line":5,"column":45}},"2":{"start":{"line":8,"column":0},"end":{"line":10,"column":2}},"3":{"start":{"line":9,"column":2},"end":{"line":9,"column":30}},"4":{"start":{"line":9,"column":27},"end":{"line":9,"column":28}}},"fnMap":{"0":{"name":"(anonymous_0)","decl":{"start":{"line":8,"column":17},"end":{"line":8,"column":18}},"loc":{"start":{"line":8,"column":23},"end":{"line":10,"column":1}},"line":8},"1":{"name":"(anonymous_1)","decl":{"start":{"line":9,"column":21},"end":{"line":9,"column":22}},"loc":{"start":{"line":9,"column":27},"end":{"line":9,"column":28}},"line":9}},"branchMap":{},"s":{"0":2,"1":2,"2":2,"3":2,"4":5},"f":{"0":2,"1":5},"b":{},"_coverageSchema":"332fd63041d2c1bcb487cc26dd0d5f7d97098a6c","hash":"8200034b10af44ad1817a54e2997963808913e21"}
,"/home/gabriel/Documentos/study/hash-hook/src/test/mock/amqplib.js": {"path":"/home/gabriel/Documentos/study/hash-hook/src/test/mock/amqplib.js","statementMap":{"0":{"start":{"line":1,"column":15},"end":{"line":9,"column":1}},"1":{"start":{"line":11,"column":0},"end":{"line":13,"column":4}},"2":{"start":{"line":11,"column":28},"end":{"line":13,"column":1}},"3":{"start":{"line":15,"column":0},"end":{"line":15,"column":45}},"4":{"start":{"line":15,"column":27},"end":{"line":15,"column":43}},"5":{"start":{"line":15,"column":41},"end":{"line":15,"column":42}},"6":{"start":{"line":17,"column":0},"end":{"line":29,"column":2}},"7":{"start":{"line":18,"column":8},"end":{"line":28,"column":4}},"8":{"start":{"line":19,"column":4},"end":{"line":22,"column":6}},"9":{"start":{"line":19,"column":30},"end":{"line":22,"column":6}},"10":{"start":{"line":23,"column":4},"end":{"line":27,"column":23}},"11":{"start":{"line":23,"column":28},"end":{"line":26,"column":6}},"12":{"start":{"line":27,"column":9},"end":{"line":27,"column":23}},"13":{"start":{"line":32,"column":20},"end":{"line":32,"column":87}},"14":{"start":{"line":32,"column":48},"end":{"line":32,"column":86}},"15":{"start":{"line":34,"column":12},"end":{"line":39,"column":2}},"16":{"start":{"line":35,"column":2},"end":{"line":35,"column":42}},"17":{"start":{"line":35,"column":25},"end":{"line":35,"column":42}},"18":{"start":{"line":36,"column":2},"end":{"line":38,"column":4}},"19":{"start":{"line":41,"column":12},"end":{"line":48,"column":2}},"20":{"start":{"line":42,"column":2},"end":{"line":47,"column":5}},"21":{"start":{"line":43,"column":4},"end":{"line":46,"column":5}},"22":{"start":{"line":44,"column":6},"end":{"line":44,"column":20}},"23":{"start":{"line":45,"column":6},"end":{"line":45,"column":32}},"24":{"start":{"line":50,"column":22},"end":{"line":58,"column":3}},"25":{"start":{"line":50,"column":37},"end":{"line":58,"column":1}},"26":{"start":{"line":51,"column":24},"end":{"line":56,"column":3}},"27":{"start":{"line":52,"column":23},"end":{"line":52,"column":27}},"28":{"start":{"line":57,"column":15},"end":{"line":57,"column":19}},"29":{"start":{"line":60,"column":18},"end":{"line":60,"column":30}},"30":{"start":{"line":60,"column":24},"end":{"line":60,"column":30}},"31":{"start":{"line":62,"column":20},"end":{"line":62,"column":78}},"32":{"start":{"line":62,"column":26},"end":{"line":62,"column":78}},"33":{"start":{"line":62,"column":61},"end":{"line":62,"column":77}},"34":{"start":{"line":64,"column":0},"end":{"line":67,"column":2}}},"fnMap":{"0":{"name":"(anonymous_0)","decl":{"start":{"line":11,"column":21},"end":{"line":11,"column":22}},"loc":{"start":{"line":11,"column":28},"end":{"line":13,"column":1}},"line":11},"1":{"name":"(anonymous_1)","decl":{"start":{"line":15,"column":21},"end":{"line":15,"column":22}},"loc":{"start":{"line":15,"column":27},"end":{"line":15,"column":43}},"line":15},"2":{"name":"(anonymous_2)","decl":{"start":{"line":15,"column":35},"end":{"line":15,"column":36}},"loc":{"start":{"line":15,"column":41},"end":{"line":15,"column":42}},"line":15},"3":{"name":"(anonymous_3)","decl":{"start":{"line":18,"column":2},"end":{"line":18,"column":3}},"loc":{"start":{"line":18,"column":8},"end":{"line":28,"column":4}},"line":18},"4":{"name":"(anonymous_4)","decl":{"start":{"line":18,"column":16},"end":{"line":18,"column":17}},"loc":{"start":{"line":18,"column":29},"end":{"line":28,"column":3}},"line":18},"5":{"name":"(anonymous_5)","decl":{"start":{"line":32,"column":28},"end":{"line":32,"column":29}},"loc":{"start":{"line":32,"column":48},"end":{"line":32,"column":86}},"line":32},"6":{"name":"(anonymous_6)","decl":{"start":{"line":34,"column":20},"end":{"line":34,"column":21}},"loc":{"start":{"line":34,"column":31},"end":{"line":39,"column":1}},"line":34},"7":{"name":"(anonymous_7)","decl":{"start":{"line":41,"column":20},"end":{"line":41,"column":21}},"loc":{"start":{"line":41,"column":33},"end":{"line":48,"column":1}},"line":41},"8":{"name":"(anonymous_8)","decl":{"start":{"line":42,"column":32},"end":{"line":42,"column":33}},"loc":{"start":{"line":42,"column":50},"end":{"line":47,"column":3}},"line":42},"9":{"name":"(anonymous_9)","decl":{"start":{"line":50,"column":30},"end":{"line":50,"column":31}},"loc":{"start":{"line":50,"column":37},"end":{"line":58,"column":1}},"line":50},"10":{"name":"(anonymous_10)","decl":{"start":{"line":51,"column":17},"end":{"line":51,"column":18}},"loc":{"start":{"line":51,"column":24},"end":{"line":56,"column":3}},"line":51},"11":{"name":"(anonymous_11)","decl":{"start":{"line":52,"column":17},"end":{"line":52,"column":18}},"loc":{"start":{"line":52,"column":23},"end":{"line":52,"column":27}},"line":52},"12":{"name":"(anonymous_12)","decl":{"start":{"line":57,"column":9},"end":{"line":57,"column":10}},"loc":{"start":{"line":57,"column":15},"end":{"line":57,"column":19}},"line":57},"13":{"name":"(anonymous_13)","decl":{"start":{"line":60,"column":18},"end":{"line":60,"column":19}},"loc":{"start":{"line":60,"column":24},"end":{"line":60,"column":30}},"line":60},"14":{"name":"(anonymous_14)","decl":{"start":{"line":62,"column":20},"end":{"line":62,"column":21}},"loc":{"start":{"line":62,"column":26},"end":{"line":62,"column":78}},"line":62},"15":{"name":"(anonymous_15)","decl":{"start":{"line":62,"column":52},"end":{"line":62,"column":53}},"loc":{"start":{"line":62,"column":61},"end":{"line":62,"column":77}},"line":62}},"branchMap":{"0":{"loc":{"start":{"line":19,"column":4},"end":{"line":22,"column":6}},"type":"if","locations":[{"start":{"line":19,"column":4},"end":{"line":22,"column":6}},{"start":{"line":19,"column":4},"end":{"line":22,"column":6}}],"line":19},"1":{"loc":{"start":{"line":23,"column":4},"end":{"line":27,"column":23}},"type":"if","locations":[{"start":{"line":23,"column":4},"end":{"line":27,"column":23}},{"start":{"line":23,"column":4},"end":{"line":27,"column":23}}],"line":23},"2":{"loc":{"start":{"line":35,"column":2},"end":{"line":35,"column":42}},"type":"if","locations":[{"start":{"line":35,"column":2},"end":{"line":35,"column":42}},{"start":{"line":35,"column":2},"end":{"line":35,"column":42}}],"line":35},"3":{"loc":{"start":{"line":43,"column":4},"end":{"line":46,"column":5}},"type":"if","locations":[{"start":{"line":43,"column":4},"end":{"line":46,"column":5}},{"start":{"line":43,"column":4},"end":{"line":46,"column":5}}],"line":43}},"s":{"0":2,"1":2,"2":2,"3":2,"4":1,"5":3,"6":2,"7":1,"8":5,"9":2,"10":3,"11":2,"12":1,"13":2,"14":11,"15":2,"16":22,"17":16,"18":6,"19":2,"20":6,"21":42,"22":6,"23":6,"24":2,"25":33,"26":33,"27":33,"28":33,"29":2,"30":8,"31":2,"32":9,"33":63,"34":2},"f":{"0":2,"1":1,"2":3,"3":1,"4":5,"5":11,"6":22,"7":6,"8":42,"9":33,"10":33,"11":33,"12":33,"13":8,"14":9,"15":63},"b":{"0":[2,3],"1":[2,1],"2":[16,6],"3":[6,36]},"_coverageSchema":"332fd63041d2c1bcb487cc26dd0d5f7d97098a6c","hash":"3303624e35deb876ea60ea7516dad729e7f9b9e3"}
,"/home/gabriel/Documentos/study/hash-hook/src/test/mock/index.js": {"path":"/home/gabriel/Documentos/study/hash-hook/src/test/mock/index.js","statementMap":{"0":{"start":{"line":1,"column":16},"end":{"line":1,"column":36}},"1":{"start":{"line":3,"column":0},"end":{"line":5,"column":2}}},"fnMap":{},"branchMap":{},"s":{"0":2,"1":2},"f":{},"b":{},"_coverageSchema":"332fd63041d2c1bcb487cc26dd0d5f7d97098a6c","hash":"89f4646693bdd5e3c6c8dbe5b8121233bfffc4ee"}
}
