TN:
SF:/home/gabriel/Documentos/study/hash-hook/src/config/environment.js
FNF:0
FNH:0
DA:1,2
DA:2,2
DA:3,2
DA:4,2
DA:6,2
LF:5
LH:5
BRDA:1,0,0,2
BRDA:1,0,1,2
BRDA:2,1,0,2
BRDA:2,1,1,2
BRF:4
BRH:4
end_of_record
TN:
SF:/home/gabriel/Documentos/study/hash-hook/src/core/amqp/amqp.js
FN:6,(anonymous_0)
FN:8,(anonymous_1)
FN:10,(anonymous_2)
FN:22,(anonymous_3)
FNF:4
FNH:4
FNDA:33,(anonymous_0)
FNDA:33,(anonymous_1)
FNDA:11,(anonymous_2)
FNDA:22,(anonymous_3)
DA:1,2
DA:2,2
DA:3,2
DA:4,2
DA:6,33
DA:8,33
DA:10,2
DA:11,11
DA:12,11
DA:13,11
DA:14,11
DA:15,11
DA:16,11
DA:18,0
DA:22,2
DA:23,22
DA:24,22
DA:25,22
DA:26,22
DA:27,22
DA:28,22
DA:29,6
DA:30,6
DA:31,6
DA:32,6
DA:33,6
DA:34,6
DA:37,16
DA:39,0
DA:43,2
LF:30
LH:28
BRDA:28,0,0,6
BRDA:28,0,1,16
BRDA:29,1,0,6
BRDA:29,1,1,0
BRDA:31,2,0,6
BRDA:31,2,1,0
BRF:6
BRH:4
end_of_record
TN:
SF:/home/gabriel/Documentos/study/hash-hook/src/core/amqp/index.js
FNF:0
FNH:0
DA:1,1
DA:2,1
DA:4,1
LF:3
LH:3
BRF:0
BRH:0
end_of_record
TN:
SF:/home/gabriel/Documentos/study/hash-hook/src/core/amqp/queues.js
FN:23,(anonymous_0)
FNF:1
FNH:1
FNDA:19,(anonymous_0)
DA:1,3
DA:11,3
DA:21,3
DA:23,3
DA:24,19
DA:25,14
DA:26,14
DA:27,14
DA:30,3
LF:9
LH:9
BRDA:24,0,0,5
BRDA:24,0,1,14
BRF:2
BRH:2
end_of_record
TN:
SF:/home/gabriel/Documentos/study/hash-hook/src/core/logger/index.js
FNF:0
FNH:0
DA:1,2
DA:3,2
LF:2
LH:2
BRF:0
BRH:0
end_of_record
TN:
SF:/home/gabriel/Documentos/study/hash-hook/src/core/logger/logger.js
FNF:0
FNH:0
DA:1,2
DA:2,2
DA:3,2
DA:5,2
DA:16,2
LF:5
LH:5
BRF:0
BRH:0
end_of_record
TN:
SF:/home/gabriel/Documentos/study/hash-hook/src/core/message/message.js
FN:8,(anonymous_0)
FN:15,(anonymous_1)
FN:21,(anonymous_2)
FN:22,(anonymous_3)
FN:24,(anonymous_4)
FN:28,(anonymous_5)
FN:33,(anonymous_6)
FN:55,(anonymous_7)
FNF:8
FNH:8
FNDA:3,(anonymous_0)
FNDA:2,(anonymous_1)
FNDA:3,(anonymous_2)
FNDA:18,(anonymous_3)
FNDA:18,(anonymous_4)
FNDA:18,(anonymous_5)
FNDA:5,(anonymous_6)
FNDA:3,(anonymous_7)
DA:1,1
DA:2,1
DA:4,1
DA:5,1
DA:6,1
DA:8,1
DA:9,3
DA:10,3
DA:12,3
DA:15,1
DA:16,2
DA:17,2
DA:18,2
DA:21,1
DA:22,18
DA:23,3
DA:24,18
DA:25,3
DA:28,1
DA:29,18
DA:30,3
DA:33,1
DA:34,5
DA:35,5
DA:36,5
DA:37,5
DA:46,4
DA:47,2
DA:49,1
DA:50,1
DA:51,1
DA:55,1
DA:56,3
DA:61,3
DA:64,1
LF:35
LH:35
BRDA:17,0,0,0
BRDA:17,0,1,2
BRDA:29,1,0,15
BRDA:29,1,1,3
BRDA:46,2,0,2
BRDA:46,2,1,2
BRF:6
BRH:5
end_of_record
TN:
SF:/home/gabriel/Documentos/study/hash-hook/src/core/security/index.js
FNF:0
FNH:0
DA:1,1
DA:3,1
LF:2
LH:2
BRF:0
BRH:0
end_of_record
TN:
SF:/home/gabriel/Documentos/study/hash-hook/src/core/security/security.js
FN:4,(anonymous_0)
FNF:1
FNH:1
FNDA:5,(anonymous_0)
DA:1,1
DA:2,1
DA:4,5
DA:6,1
LF:4
LH:4
BRF:0
BRH:0
end_of_record
TN:
SF:/home/gabriel/Documentos/study/hash-hook/src/test/setup.js
FN:8,(anonymous_0)
FN:9,(anonymous_1)
FNF:2
FNH:2
FNDA:2,(anonymous_0)
FNDA:5,(anonymous_1)
DA:3,2
DA:5,2
DA:8,2
DA:9,5
LF:4
LH:4
BRF:0
BRH:0
end_of_record
TN:
SF:/home/gabriel/Documentos/study/hash-hook/src/test/mock/amqplib.js
FN:11,(anonymous_0)
FN:15,(anonymous_1)
FN:15,(anonymous_2)
FN:18,(anonymous_3)
FN:18,(anonymous_4)
FN:32,(anonymous_5)
FN:34,(anonymous_6)
FN:41,(anonymous_7)
FN:42,(anonymous_8)
FN:50,(anonymous_9)
FN:51,(anonymous_10)
FN:52,(anonymous_11)
FN:57,(anonymous_12)
FN:60,(anonymous_13)
FN:62,(anonymous_14)
FN:62,(anonymous_15)
FNF:16
FNH:16
FNDA:2,(anonymous_0)
FNDA:1,(anonymous_1)
FNDA:3,(anonymous_2)
FNDA:1,(anonymous_3)
FNDA:5,(anonymous_4)
FNDA:11,(anonymous_5)
FNDA:22,(anonymous_6)
FNDA:6,(anonymous_7)
FNDA:42,(anonymous_8)
FNDA:33,(anonymous_9)
FNDA:33,(anonymous_10)
FNDA:33,(anonymous_11)
FNDA:33,(anonymous_12)
FNDA:8,(anonymous_13)
FNDA:9,(anonymous_14)
FNDA:63,(anonymous_15)
DA:1,2
DA:11,2
DA:15,3
DA:17,2
DA:18,1
DA:19,5
DA:23,3
DA:27,1
DA:32,11
DA:34,2
DA:35,22
DA:36,6
DA:41,2
DA:42,6
DA:43,42
DA:44,6
DA:45,6
DA:50,33
DA:51,33
DA:52,33
DA:57,33
DA:60,8
DA:62,63
DA:64,2
LF:24
LH:24
BRDA:19,0,0,2
BRDA:19,0,1,3
BRDA:23,1,0,2
BRDA:23,1,1,1
BRDA:35,2,0,16
BRDA:35,2,1,6
BRDA:43,3,0,6
BRDA:43,3,1,36
BRF:8
BRH:8
end_of_record
TN:
SF:/home/gabriel/Documentos/study/hash-hook/src/test/mock/index.js
FNF:0
FNH:0
DA:1,2
DA:3,2
LF:2
LH:2
BRF:0
BRH:0
end_of_record
